<?xml version="1.0" encoding="UTF-8"?>
<!-- Generated by org.testng.reporters.JUnitReportReporter -->
<testsuite hostname="PC-f7ad11" failures="0" tests="1"
	name="TestScripts.User" time="5.121" errors="0"
	timestamp="2023-05-16T11:38:05 IST" skipped="0">
	<testcase classname="TestScripts.User" name="Verify_a"
		time="5.121" />
	<system-out />
</testsuite> <!-- TestScripts.User -->
